mode: set
/Users/rnoblega/Repositories/Udemy/goUdemy/client-form3/src/useCases/gateway/delete.go:13.66,20.16 5 0
/Users/rnoblega/Repositories/Udemy/goUdemy/client-form3/src/useCases/gateway/delete.go:25.2,25.34 1 0
/Users/rnoblega/Repositories/Udemy/goUdemy/client-form3/src/useCases/gateway/delete.go:31.2,31.18 1 0
/Users/rnoblega/Repositories/Udemy/goUdemy/client-form3/src/useCases/gateway/delete.go:20.16,23.3 2 0
/Users/rnoblega/Repositories/Udemy/goUdemy/client-form3/src/useCases/gateway/delete.go:25.34,29.3 3 0
/Users/rnoblega/Repositories/Udemy/goUdemy/client-form3/src/useCases/responseInterpreter/response_interpreter.go:9.62,15.16 4 0
/Users/rnoblega/Repositories/Udemy/goUdemy/client-form3/src/useCases/responseInterpreter/response_interpreter.go:20.2,20.31 1 0
/Users/rnoblega/Repositories/Udemy/goUdemy/client-form3/src/useCases/responseInterpreter/response_interpreter.go:15.16,18.3 2 0
/Users/rnoblega/Repositories/Udemy/goUdemy/client-form3/src/configuration/instrumentation.go:5.28,7.2 1 1
/Users/rnoblega/Repositories/Udemy/goUdemy/client-form3/application.go:13.63,17.2 1 0
/Users/rnoblega/Repositories/Udemy/goUdemy/client-form3/src/adapters/gateway/gateway_interface.go:16.71,21.2 1 0
/Users/rnoblega/Repositories/Udemy/goUdemy/client-form3/src/useCases/gateway/create.go:13.82,20.16 5 0
/Users/rnoblega/Repositories/Udemy/goUdemy/client-form3/src/useCases/gateway/create.go:25.2,27.34 2 0
/Users/rnoblega/Repositories/Udemy/goUdemy/client-form3/src/useCases/gateway/create.go:33.2,33.49 1 0
/Users/rnoblega/Repositories/Udemy/goUdemy/client-form3/src/useCases/gateway/create.go:20.16,23.3 2 0
/Users/rnoblega/Repositories/Udemy/goUdemy/client-form3/src/useCases/gateway/create.go:27.34,31.3 3 0
/Users/rnoblega/Repositories/Udemy/goUdemy/client-form3/src/useCases/pathBuilder/path_builder.go:8.40,10.2 1 0
/Users/rnoblega/Repositories/Udemy/goUdemy/client-form3/src/useCases/pathBuilder/path_builder.go:12.32,14.2 1 0
/Users/rnoblega/Repositories/Udemy/goUdemy/client-form3/src/useCases/pathBuilder/path_builder.go:16.56,18.2 1 0
/Users/rnoblega/Repositories/Udemy/goUdemy/client-form3/src/adapters/service/service.go:9.71,11.2 1 0
/Users/rnoblega/Repositories/Udemy/goUdemy/client-form3/src/useCases/gateway/fetch.go:13.64,20.16 5 0
/Users/rnoblega/Repositories/Udemy/goUdemy/client-form3/src/useCases/gateway/fetch.go:25.2,27.34 2 0
/Users/rnoblega/Repositories/Udemy/goUdemy/client-form3/src/useCases/gateway/fetch.go:33.2,33.49 1 0
/Users/rnoblega/Repositories/Udemy/goUdemy/client-form3/src/useCases/gateway/fetch.go:20.16,23.3 2 0
/Users/rnoblega/Repositories/Udemy/goUdemy/client-form3/src/useCases/gateway/fetch.go:27.34,31.3 3 0
/Users/rnoblega/Repositories/Udemy/goUdemy/client-form3/src/frameworks/client.go:24.36,26.2 1 0
/Users/rnoblega/Repositories/Udemy/goUdemy/client-form3/src/frameworks/client.go:28.46,30.2 1 0
/Users/rnoblega/Repositories/Udemy/goUdemy/client-form3/src/frameworks/client.go:32.57,35.2 2 0
/Users/rnoblega/Repositories/Udemy/goUdemy/client-form3/src/frameworks/client.go:37.47,41.2 1 0
/Users/rnoblega/Repositories/Udemy/goUdemy/client-form3/src/useCases/requestBuilder/request_builder.go:13.111,23.2 7 0
/Users/rnoblega/Repositories/Udemy/goUdemy/client-form3/src/useCases/requestBuilder/request_builder.go:25.75,32.2 5 0
/Users/rnoblega/Repositories/Udemy/goUdemy/client-form3/src/useCases/gateway/delete.go:13.66,20.16 5 1
/Users/rnoblega/Repositories/Udemy/goUdemy/client-form3/src/useCases/gateway/delete.go:25.2,25.34 1 1
/Users/rnoblega/Repositories/Udemy/goUdemy/client-form3/src/useCases/gateway/delete.go:31.2,31.18 1 1
/Users/rnoblega/Repositories/Udemy/goUdemy/client-form3/src/useCases/gateway/delete.go:20.16,23.3 2 1
/Users/rnoblega/Repositories/Udemy/goUdemy/client-form3/src/useCases/gateway/delete.go:25.34,29.3 3 1
/Users/rnoblega/Repositories/Udemy/goUdemy/client-form3/src/useCases/gateway/fetch.go:13.64,20.16 5 1
/Users/rnoblega/Repositories/Udemy/goUdemy/client-form3/src/useCases/gateway/fetch.go:25.2,27.34 2 1
/Users/rnoblega/Repositories/Udemy/goUdemy/client-form3/src/useCases/gateway/fetch.go:33.2,33.49 1 1
/Users/rnoblega/Repositories/Udemy/goUdemy/client-form3/src/useCases/gateway/fetch.go:20.16,23.3 2 1
/Users/rnoblega/Repositories/Udemy/goUdemy/client-form3/src/useCases/gateway/fetch.go:27.34,31.3 3 1
/Users/rnoblega/Repositories/Udemy/goUdemy/client-form3/src/adapters/gateway/gateway_interface.go:16.71,21.2 1 0
/Users/rnoblega/Repositories/Udemy/goUdemy/client-form3/src/configuration/instrumentation.go:5.28,7.2 1 0
/Users/rnoblega/Repositories/Udemy/goUdemy/client-form3/src/useCases/requestBuilder/request_builder.go:13.111,23.2 7 0
/Users/rnoblega/Repositories/Udemy/goUdemy/client-form3/src/useCases/requestBuilder/request_builder.go:25.75,32.2 5 0
/Users/rnoblega/Repositories/Udemy/goUdemy/client-form3/src/useCases/gateway/create.go:13.82,20.16 5 1
/Users/rnoblega/Repositories/Udemy/goUdemy/client-form3/src/useCases/gateway/create.go:25.2,27.34 2 1
/Users/rnoblega/Repositories/Udemy/goUdemy/client-form3/src/useCases/gateway/create.go:33.2,33.49 1 1
/Users/rnoblega/Repositories/Udemy/goUdemy/client-form3/src/useCases/gateway/create.go:20.16,23.3 2 1
/Users/rnoblega/Repositories/Udemy/goUdemy/client-form3/src/useCases/gateway/create.go:27.34,31.3 3 1
/Users/rnoblega/Repositories/Udemy/goUdemy/client-form3/src/adapters/service/service.go:9.71,11.2 1 0
/Users/rnoblega/Repositories/Udemy/goUdemy/client-form3/src/frameworks/client.go:24.36,26.2 1 0
/Users/rnoblega/Repositories/Udemy/goUdemy/client-form3/src/frameworks/client.go:28.46,30.2 1 0
/Users/rnoblega/Repositories/Udemy/goUdemy/client-form3/src/frameworks/client.go:32.57,35.2 2 0
/Users/rnoblega/Repositories/Udemy/goUdemy/client-form3/src/frameworks/client.go:37.47,41.2 1 0
/Users/rnoblega/Repositories/Udemy/goUdemy/client-form3/application.go:13.63,17.2 1 0
/Users/rnoblega/Repositories/Udemy/goUdemy/client-form3/src/useCases/pathBuilder/path_builder.go:8.40,10.2 1 0
/Users/rnoblega/Repositories/Udemy/goUdemy/client-form3/src/useCases/pathBuilder/path_builder.go:12.32,14.2 1 0
/Users/rnoblega/Repositories/Udemy/goUdemy/client-form3/src/useCases/pathBuilder/path_builder.go:16.56,18.2 1 0
/Users/rnoblega/Repositories/Udemy/goUdemy/client-form3/src/useCases/responseInterpreter/response_interpreter.go:9.62,15.16 4 0
/Users/rnoblega/Repositories/Udemy/goUdemy/client-form3/src/useCases/responseInterpreter/response_interpreter.go:20.2,20.31 1 0
/Users/rnoblega/Repositories/Udemy/goUdemy/client-form3/src/useCases/responseInterpreter/response_interpreter.go:15.16,18.3 2 0
/Users/rnoblega/Repositories/Udemy/goUdemy/client-form3/application.go:13.63,17.2 1 0
/Users/rnoblega/Repositories/Udemy/goUdemy/client-form3/src/useCases/gateway/create.go:13.82,20.16 5 0
/Users/rnoblega/Repositories/Udemy/goUdemy/client-form3/src/useCases/gateway/create.go:25.2,27.34 2 0
/Users/rnoblega/Repositories/Udemy/goUdemy/client-form3/src/useCases/gateway/create.go:33.2,33.49 1 0
/Users/rnoblega/Repositories/Udemy/goUdemy/client-form3/src/useCases/gateway/create.go:20.16,23.3 2 0
/Users/rnoblega/Repositories/Udemy/goUdemy/client-form3/src/useCases/gateway/create.go:27.34,31.3 3 0
/Users/rnoblega/Repositories/Udemy/goUdemy/client-form3/src/useCases/gateway/delete.go:13.66,20.16 5 0
/Users/rnoblega/Repositories/Udemy/goUdemy/client-form3/src/useCases/gateway/delete.go:25.2,25.34 1 0
/Users/rnoblega/Repositories/Udemy/goUdemy/client-form3/src/useCases/gateway/delete.go:31.2,31.18 1 0
/Users/rnoblega/Repositories/Udemy/goUdemy/client-form3/src/useCases/gateway/delete.go:20.16,23.3 2 0
/Users/rnoblega/Repositories/Udemy/goUdemy/client-form3/src/useCases/gateway/delete.go:25.34,29.3 3 0
/Users/rnoblega/Repositories/Udemy/goUdemy/client-form3/src/useCases/requestBuilder/request_builder.go:13.111,23.2 7 0
/Users/rnoblega/Repositories/Udemy/goUdemy/client-form3/src/useCases/requestBuilder/request_builder.go:25.75,32.2 5 0
/Users/rnoblega/Repositories/Udemy/goUdemy/client-form3/src/useCases/responseInterpreter/response_interpreter.go:9.62,15.16 4 0
/Users/rnoblega/Repositories/Udemy/goUdemy/client-form3/src/useCases/responseInterpreter/response_interpreter.go:20.2,20.31 1 0
/Users/rnoblega/Repositories/Udemy/goUdemy/client-form3/src/useCases/responseInterpreter/response_interpreter.go:15.16,18.3 2 0
/Users/rnoblega/Repositories/Udemy/goUdemy/client-form3/src/adapters/service/service.go:9.71,11.2 1 0
/Users/rnoblega/Repositories/Udemy/goUdemy/client-form3/src/configuration/instrumentation.go:5.28,7.2 1 0
/Users/rnoblega/Repositories/Udemy/goUdemy/client-form3/src/frameworks/client.go:24.36,26.2 1 0
/Users/rnoblega/Repositories/Udemy/goUdemy/client-form3/src/frameworks/client.go:28.46,30.2 1 0
/Users/rnoblega/Repositories/Udemy/goUdemy/client-form3/src/frameworks/client.go:32.57,35.2 2 0
/Users/rnoblega/Repositories/Udemy/goUdemy/client-form3/src/frameworks/client.go:37.47,41.2 1 0
/Users/rnoblega/Repositories/Udemy/goUdemy/client-form3/src/useCases/pathBuilder/path_builder.go:8.40,10.2 1 0
/Users/rnoblega/Repositories/Udemy/goUdemy/client-form3/src/useCases/pathBuilder/path_builder.go:12.32,14.2 1 0
/Users/rnoblega/Repositories/Udemy/goUdemy/client-form3/src/useCases/pathBuilder/path_builder.go:16.56,18.2 1 0
/Users/rnoblega/Repositories/Udemy/goUdemy/client-form3/src/useCases/gateway/fetch.go:13.64,20.16 5 0
/Users/rnoblega/Repositories/Udemy/goUdemy/client-form3/src/useCases/gateway/fetch.go:25.2,27.34 2 0
/Users/rnoblega/Repositories/Udemy/goUdemy/client-form3/src/useCases/gateway/fetch.go:33.2,33.49 1 0
/Users/rnoblega/Repositories/Udemy/goUdemy/client-form3/src/useCases/gateway/fetch.go:20.16,23.3 2 0
/Users/rnoblega/Repositories/Udemy/goUdemy/client-form3/src/useCases/gateway/fetch.go:27.34,31.3 3 0
/Users/rnoblega/Repositories/Udemy/goUdemy/client-form3/src/adapters/gateway/gateway_interface.go:16.71,21.2 1 1
/Users/rnoblega/Repositories/Udemy/goUdemy/client-form3/src/useCases/gateway/fetch.go:13.64,20.16 5 0
/Users/rnoblega/Repositories/Udemy/goUdemy/client-form3/src/useCases/gateway/fetch.go:25.2,27.34 2 0
/Users/rnoblega/Repositories/Udemy/goUdemy/client-form3/src/useCases/gateway/fetch.go:33.2,33.49 1 0
/Users/rnoblega/Repositories/Udemy/goUdemy/client-form3/src/useCases/gateway/fetch.go:20.16,23.3 2 0
/Users/rnoblega/Repositories/Udemy/goUdemy/client-form3/src/useCases/gateway/fetch.go:27.34,31.3 3 0
/Users/rnoblega/Repositories/Udemy/goUdemy/client-form3/src/useCases/pathBuilder/path_builder.go:8.40,10.2 1 0
/Users/rnoblega/Repositories/Udemy/goUdemy/client-form3/src/useCases/pathBuilder/path_builder.go:12.32,14.2 1 0
/Users/rnoblega/Repositories/Udemy/goUdemy/client-form3/src/useCases/pathBuilder/path_builder.go:16.56,18.2 1 0
/Users/rnoblega/Repositories/Udemy/goUdemy/client-form3/src/useCases/requestBuilder/request_builder.go:13.111,23.2 7 0
/Users/rnoblega/Repositories/Udemy/goUdemy/client-form3/src/useCases/requestBuilder/request_builder.go:25.75,32.2 5 0
/Users/rnoblega/Repositories/Udemy/goUdemy/client-form3/src/useCases/responseInterpreter/response_interpreter.go:9.62,15.16 4 0
/Users/rnoblega/Repositories/Udemy/goUdemy/client-form3/src/useCases/responseInterpreter/response_interpreter.go:20.2,20.31 1 0
/Users/rnoblega/Repositories/Udemy/goUdemy/client-form3/src/useCases/responseInterpreter/response_interpreter.go:15.16,18.3 2 0
/Users/rnoblega/Repositories/Udemy/goUdemy/client-form3/application.go:13.63,17.2 1 0
/Users/rnoblega/Repositories/Udemy/goUdemy/client-form3/src/adapters/gateway/gateway_interface.go:16.71,21.2 1 0
/Users/rnoblega/Repositories/Udemy/goUdemy/client-form3/src/useCases/gateway/delete.go:13.66,20.16 5 0
/Users/rnoblega/Repositories/Udemy/goUdemy/client-form3/src/useCases/gateway/delete.go:25.2,25.34 1 0
/Users/rnoblega/Repositories/Udemy/goUdemy/client-form3/src/useCases/gateway/delete.go:31.2,31.18 1 0
/Users/rnoblega/Repositories/Udemy/goUdemy/client-form3/src/useCases/gateway/delete.go:20.16,23.3 2 0
/Users/rnoblega/Repositories/Udemy/goUdemy/client-form3/src/useCases/gateway/delete.go:25.34,29.3 3 0
/Users/rnoblega/Repositories/Udemy/goUdemy/client-form3/src/configuration/instrumentation.go:5.28,7.2 1 0
/Users/rnoblega/Repositories/Udemy/goUdemy/client-form3/src/frameworks/client.go:24.36,26.2 1 0
/Users/rnoblega/Repositories/Udemy/goUdemy/client-form3/src/frameworks/client.go:28.46,30.2 1 0
/Users/rnoblega/Repositories/Udemy/goUdemy/client-form3/src/frameworks/client.go:32.57,35.2 2 0
/Users/rnoblega/Repositories/Udemy/goUdemy/client-form3/src/frameworks/client.go:37.47,41.2 1 0
/Users/rnoblega/Repositories/Udemy/goUdemy/client-form3/src/adapters/service/service.go:9.71,11.2 1 1
/Users/rnoblega/Repositories/Udemy/goUdemy/client-form3/src/useCases/gateway/create.go:13.82,20.16 5 0
/Users/rnoblega/Repositories/Udemy/goUdemy/client-form3/src/useCases/gateway/create.go:25.2,27.34 2 0
/Users/rnoblega/Repositories/Udemy/goUdemy/client-form3/src/useCases/gateway/create.go:33.2,33.49 1 0
/Users/rnoblega/Repositories/Udemy/goUdemy/client-form3/src/useCases/gateway/create.go:20.16,23.3 2 0
/Users/rnoblega/Repositories/Udemy/goUdemy/client-form3/src/useCases/gateway/create.go:27.34,31.3 3 0
/Users/rnoblega/Repositories/Udemy/goUdemy/client-form3/src/frameworks/client.go:24.36,26.2 1 0
/Users/rnoblega/Repositories/Udemy/goUdemy/client-form3/src/frameworks/client.go:28.46,30.2 1 0
/Users/rnoblega/Repositories/Udemy/goUdemy/client-form3/src/frameworks/client.go:32.57,35.2 2 0
/Users/rnoblega/Repositories/Udemy/goUdemy/client-form3/src/frameworks/client.go:37.47,41.2 1 0
/Users/rnoblega/Repositories/Udemy/goUdemy/client-form3/src/useCases/gateway/delete.go:13.66,20.16 5 0
/Users/rnoblega/Repositories/Udemy/goUdemy/client-form3/src/useCases/gateway/delete.go:25.2,25.34 1 0
/Users/rnoblega/Repositories/Udemy/goUdemy/client-form3/src/useCases/gateway/delete.go:31.2,31.18 1 0
/Users/rnoblega/Repositories/Udemy/goUdemy/client-form3/src/useCases/gateway/delete.go:20.16,23.3 2 0
/Users/rnoblega/Repositories/Udemy/goUdemy/client-form3/src/useCases/gateway/delete.go:25.34,29.3 3 0
/Users/rnoblega/Repositories/Udemy/goUdemy/client-form3/src/useCases/requestBuilder/request_builder.go:13.111,23.2 7 0
/Users/rnoblega/Repositories/Udemy/goUdemy/client-form3/src/useCases/requestBuilder/request_builder.go:25.75,32.2 5 0
/Users/rnoblega/Repositories/Udemy/goUdemy/client-form3/src/useCases/gateway/create.go:13.82,20.16 5 0
/Users/rnoblega/Repositories/Udemy/goUdemy/client-form3/src/useCases/gateway/create.go:25.2,27.34 2 0
/Users/rnoblega/Repositories/Udemy/goUdemy/client-form3/src/useCases/gateway/create.go:33.2,33.49 1 0
/Users/rnoblega/Repositories/Udemy/goUdemy/client-form3/src/useCases/gateway/create.go:20.16,23.3 2 0
/Users/rnoblega/Repositories/Udemy/goUdemy/client-form3/src/useCases/gateway/create.go:27.34,31.3 3 0
/Users/rnoblega/Repositories/Udemy/goUdemy/client-form3/src/useCases/gateway/fetch.go:13.64,20.16 5 0
/Users/rnoblega/Repositories/Udemy/goUdemy/client-form3/src/useCases/gateway/fetch.go:25.2,27.34 2 0
/Users/rnoblega/Repositories/Udemy/goUdemy/client-form3/src/useCases/gateway/fetch.go:33.2,33.49 1 0
/Users/rnoblega/Repositories/Udemy/goUdemy/client-form3/src/useCases/gateway/fetch.go:20.16,23.3 2 0
/Users/rnoblega/Repositories/Udemy/goUdemy/client-form3/src/useCases/gateway/fetch.go:27.34,31.3 3 0
/Users/rnoblega/Repositories/Udemy/goUdemy/client-form3/src/useCases/responseInterpreter/response_interpreter.go:9.62,15.16 4 0
/Users/rnoblega/Repositories/Udemy/goUdemy/client-form3/src/useCases/responseInterpreter/response_interpreter.go:20.2,20.31 1 0
/Users/rnoblega/Repositories/Udemy/goUdemy/client-form3/src/useCases/responseInterpreter/response_interpreter.go:15.16,18.3 2 0
/Users/rnoblega/Repositories/Udemy/goUdemy/client-form3/src/useCases/pathBuilder/path_builder.go:8.40,10.2 1 1
/Users/rnoblega/Repositories/Udemy/goUdemy/client-form3/src/useCases/pathBuilder/path_builder.go:12.32,14.2 1 1
/Users/rnoblega/Repositories/Udemy/goUdemy/client-form3/src/useCases/pathBuilder/path_builder.go:16.56,18.2 1 1
/Users/rnoblega/Repositories/Udemy/goUdemy/client-form3/src/adapters/gateway/gateway_interface.go:16.71,21.2 1 0
/Users/rnoblega/Repositories/Udemy/goUdemy/client-form3/src/adapters/service/service.go:9.71,11.2 1 0
/Users/rnoblega/Repositories/Udemy/goUdemy/client-form3/src/configuration/instrumentation.go:5.28,7.2 1 0
/Users/rnoblega/Repositories/Udemy/goUdemy/client-form3/application.go:13.63,17.2 1 0
/Users/rnoblega/Repositories/Udemy/goUdemy/client-form3/src/configuration/instrumentation.go:5.28,7.2 1 0
/Users/rnoblega/Repositories/Udemy/goUdemy/client-form3/src/useCases/gateway/fetch.go:13.64,20.16 5 0
/Users/rnoblega/Repositories/Udemy/goUdemy/client-form3/src/useCases/gateway/fetch.go:25.2,27.34 2 0
/Users/rnoblega/Repositories/Udemy/goUdemy/client-form3/src/useCases/gateway/fetch.go:33.2,33.49 1 0
/Users/rnoblega/Repositories/Udemy/goUdemy/client-form3/src/useCases/gateway/fetch.go:20.16,23.3 2 0
/Users/rnoblega/Repositories/Udemy/goUdemy/client-form3/src/useCases/gateway/fetch.go:27.34,31.3 3 0
/Users/rnoblega/Repositories/Udemy/goUdemy/client-form3/src/frameworks/client.go:24.36,26.2 1 1
/Users/rnoblega/Repositories/Udemy/goUdemy/client-form3/src/frameworks/client.go:28.46,30.2 1 1
/Users/rnoblega/Repositories/Udemy/goUdemy/client-form3/src/frameworks/client.go:32.57,35.2 2 1
/Users/rnoblega/Repositories/Udemy/goUdemy/client-form3/src/frameworks/client.go:37.47,41.2 1 1
/Users/rnoblega/Repositories/Udemy/goUdemy/client-form3/src/useCases/gateway/create.go:13.82,20.16 5 0
/Users/rnoblega/Repositories/Udemy/goUdemy/client-form3/src/useCases/gateway/create.go:25.2,27.34 2 0
/Users/rnoblega/Repositories/Udemy/goUdemy/client-form3/src/useCases/gateway/create.go:33.2,33.49 1 0
/Users/rnoblega/Repositories/Udemy/goUdemy/client-form3/src/useCases/gateway/create.go:20.16,23.3 2 0
/Users/rnoblega/Repositories/Udemy/goUdemy/client-form3/src/useCases/gateway/create.go:27.34,31.3 3 0
/Users/rnoblega/Repositories/Udemy/goUdemy/client-form3/src/useCases/requestBuilder/request_builder.go:13.111,23.2 7 0
/Users/rnoblega/Repositories/Udemy/goUdemy/client-form3/src/useCases/requestBuilder/request_builder.go:25.75,32.2 5 0
/Users/rnoblega/Repositories/Udemy/goUdemy/client-form3/src/useCases/responseInterpreter/response_interpreter.go:9.62,15.16 4 0
/Users/rnoblega/Repositories/Udemy/goUdemy/client-form3/src/useCases/responseInterpreter/response_interpreter.go:20.2,20.31 1 0
/Users/rnoblega/Repositories/Udemy/goUdemy/client-form3/src/useCases/responseInterpreter/response_interpreter.go:15.16,18.3 2 0
/Users/rnoblega/Repositories/Udemy/goUdemy/client-form3/src/adapters/service/service.go:9.71,11.2 1 0
/Users/rnoblega/Repositories/Udemy/goUdemy/client-form3/src/adapters/gateway/gateway_interface.go:16.71,21.2 1 0
/Users/rnoblega/Repositories/Udemy/goUdemy/client-form3/src/useCases/gateway/delete.go:13.66,20.16 5 0
/Users/rnoblega/Repositories/Udemy/goUdemy/client-form3/src/useCases/gateway/delete.go:25.2,25.34 1 0
/Users/rnoblega/Repositories/Udemy/goUdemy/client-form3/src/useCases/gateway/delete.go:31.2,31.18 1 0
/Users/rnoblega/Repositories/Udemy/goUdemy/client-form3/src/useCases/gateway/delete.go:20.16,23.3 2 0
/Users/rnoblega/Repositories/Udemy/goUdemy/client-form3/src/useCases/gateway/delete.go:25.34,29.3 3 0
/Users/rnoblega/Repositories/Udemy/goUdemy/client-form3/src/useCases/pathBuilder/path_builder.go:8.40,10.2 1 0
/Users/rnoblega/Repositories/Udemy/goUdemy/client-form3/src/useCases/pathBuilder/path_builder.go:12.32,14.2 1 0
/Users/rnoblega/Repositories/Udemy/goUdemy/client-form3/src/useCases/pathBuilder/path_builder.go:16.56,18.2 1 0
/Users/rnoblega/Repositories/Udemy/goUdemy/client-form3/application.go:13.63,17.2 1 0
/Users/rnoblega/Repositories/Udemy/goUdemy/client-form3/src/useCases/gateway/delete.go:13.66,20.16 5 0
/Users/rnoblega/Repositories/Udemy/goUdemy/client-form3/src/useCases/gateway/delete.go:25.2,25.34 1 0
/Users/rnoblega/Repositories/Udemy/goUdemy/client-form3/src/useCases/gateway/delete.go:31.2,31.18 1 0
/Users/rnoblega/Repositories/Udemy/goUdemy/client-form3/src/useCases/gateway/delete.go:20.16,23.3 2 0
/Users/rnoblega/Repositories/Udemy/goUdemy/client-form3/src/useCases/gateway/delete.go:25.34,29.3 3 0
/Users/rnoblega/Repositories/Udemy/goUdemy/client-form3/src/useCases/gateway/fetch.go:13.64,20.16 5 0
/Users/rnoblega/Repositories/Udemy/goUdemy/client-form3/src/useCases/gateway/fetch.go:25.2,27.34 2 0
/Users/rnoblega/Repositories/Udemy/goUdemy/client-form3/src/useCases/gateway/fetch.go:33.2,33.49 1 0
/Users/rnoblega/Repositories/Udemy/goUdemy/client-form3/src/useCases/gateway/fetch.go:20.16,23.3 2 0
/Users/rnoblega/Repositories/Udemy/goUdemy/client-form3/src/useCases/gateway/fetch.go:27.34,31.3 3 0
/Users/rnoblega/Repositories/Udemy/goUdemy/client-form3/src/useCases/requestBuilder/request_builder.go:13.111,23.2 7 1
/Users/rnoblega/Repositories/Udemy/goUdemy/client-form3/src/useCases/requestBuilder/request_builder.go:25.75,32.2 5 1
/Users/rnoblega/Repositories/Udemy/goUdemy/client-form3/src/useCases/gateway/create.go:13.82,20.16 5 0
/Users/rnoblega/Repositories/Udemy/goUdemy/client-form3/src/useCases/gateway/create.go:25.2,27.34 2 0
/Users/rnoblega/Repositories/Udemy/goUdemy/client-form3/src/useCases/gateway/create.go:33.2,33.49 1 0
/Users/rnoblega/Repositories/Udemy/goUdemy/client-form3/src/useCases/gateway/create.go:20.16,23.3 2 0
/Users/rnoblega/Repositories/Udemy/goUdemy/client-form3/src/useCases/gateway/create.go:27.34,31.3 3 0
/Users/rnoblega/Repositories/Udemy/goUdemy/client-form3/application.go:13.63,17.2 1 0
/Users/rnoblega/Repositories/Udemy/goUdemy/client-form3/src/adapters/gateway/gateway_interface.go:16.71,21.2 1 0
/Users/rnoblega/Repositories/Udemy/goUdemy/client-form3/src/adapters/service/service.go:9.71,11.2 1 0
/Users/rnoblega/Repositories/Udemy/goUdemy/client-form3/src/configuration/instrumentation.go:5.28,7.2 1 0
/Users/rnoblega/Repositories/Udemy/goUdemy/client-form3/src/frameworks/client.go:24.36,26.2 1 0
/Users/rnoblega/Repositories/Udemy/goUdemy/client-form3/src/frameworks/client.go:28.46,30.2 1 0
/Users/rnoblega/Repositories/Udemy/goUdemy/client-form3/src/frameworks/client.go:32.57,35.2 2 0
/Users/rnoblega/Repositories/Udemy/goUdemy/client-form3/src/frameworks/client.go:37.47,41.2 1 0
/Users/rnoblega/Repositories/Udemy/goUdemy/client-form3/src/useCases/pathBuilder/path_builder.go:8.40,10.2 1 0
/Users/rnoblega/Repositories/Udemy/goUdemy/client-form3/src/useCases/pathBuilder/path_builder.go:12.32,14.2 1 0
/Users/rnoblega/Repositories/Udemy/goUdemy/client-form3/src/useCases/pathBuilder/path_builder.go:16.56,18.2 1 0
/Users/rnoblega/Repositories/Udemy/goUdemy/client-form3/src/useCases/responseInterpreter/response_interpreter.go:9.62,15.16 4 0
/Users/rnoblega/Repositories/Udemy/goUdemy/client-form3/src/useCases/responseInterpreter/response_interpreter.go:20.2,20.31 1 0
/Users/rnoblega/Repositories/Udemy/goUdemy/client-form3/src/useCases/responseInterpreter/response_interpreter.go:15.16,18.3 2 0
/Users/rnoblega/Repositories/Udemy/goUdemy/client-form3/src/useCases/requestBuilder/request_builder.go:13.111,23.2 7 0
/Users/rnoblega/Repositories/Udemy/goUdemy/client-form3/src/useCases/requestBuilder/request_builder.go:25.75,32.2 5 0
/Users/rnoblega/Repositories/Udemy/goUdemy/client-form3/src/adapters/service/service.go:9.71,11.2 1 0
/Users/rnoblega/Repositories/Udemy/goUdemy/client-form3/src/configuration/instrumentation.go:5.28,7.2 1 0
/Users/rnoblega/Repositories/Udemy/goUdemy/client-form3/src/frameworks/client.go:24.36,26.2 1 0
/Users/rnoblega/Repositories/Udemy/goUdemy/client-form3/src/frameworks/client.go:28.46,30.2 1 0
/Users/rnoblega/Repositories/Udemy/goUdemy/client-form3/src/frameworks/client.go:32.57,35.2 2 0
/Users/rnoblega/Repositories/Udemy/goUdemy/client-form3/src/frameworks/client.go:37.47,41.2 1 0
/Users/rnoblega/Repositories/Udemy/goUdemy/client-form3/src/useCases/gateway/fetch.go:13.64,20.16 5 0
/Users/rnoblega/Repositories/Udemy/goUdemy/client-form3/src/useCases/gateway/fetch.go:25.2,27.34 2 0
/Users/rnoblega/Repositories/Udemy/goUdemy/client-form3/src/useCases/gateway/fetch.go:33.2,33.49 1 0
/Users/rnoblega/Repositories/Udemy/goUdemy/client-form3/src/useCases/gateway/fetch.go:20.16,23.3 2 0
/Users/rnoblega/Repositories/Udemy/goUdemy/client-form3/src/useCases/gateway/fetch.go:27.34,31.3 3 0
/Users/rnoblega/Repositories/Udemy/goUdemy/client-form3/src/useCases/pathBuilder/path_builder.go:8.40,10.2 1 0
/Users/rnoblega/Repositories/Udemy/goUdemy/client-form3/src/useCases/pathBuilder/path_builder.go:12.32,14.2 1 0
/Users/rnoblega/Repositories/Udemy/goUdemy/client-form3/src/useCases/pathBuilder/path_builder.go:16.56,18.2 1 0
/Users/rnoblega/Repositories/Udemy/goUdemy/client-form3/src/useCases/responseInterpreter/response_interpreter.go:9.62,15.16 4 0
/Users/rnoblega/Repositories/Udemy/goUdemy/client-form3/src/useCases/responseInterpreter/response_interpreter.go:20.2,20.31 1 0
/Users/rnoblega/Repositories/Udemy/goUdemy/client-form3/src/useCases/responseInterpreter/response_interpreter.go:15.16,18.3 2 0
/Users/rnoblega/Repositories/Udemy/goUdemy/client-form3/src/adapters/gateway/gateway_interface.go:16.71,21.2 1 0
/Users/rnoblega/Repositories/Udemy/goUdemy/client-form3/src/useCases/gateway/delete.go:13.66,20.16 5 0
/Users/rnoblega/Repositories/Udemy/goUdemy/client-form3/src/useCases/gateway/delete.go:25.2,25.34 1 0
/Users/rnoblega/Repositories/Udemy/goUdemy/client-form3/src/useCases/gateway/delete.go:31.2,31.18 1 0
/Users/rnoblega/Repositories/Udemy/goUdemy/client-form3/src/useCases/gateway/delete.go:20.16,23.3 2 0
/Users/rnoblega/Repositories/Udemy/goUdemy/client-form3/src/useCases/gateway/delete.go:25.34,29.3 3 0
/Users/rnoblega/Repositories/Udemy/goUdemy/client-form3/src/useCases/gateway/create.go:13.82,20.16 5 0
/Users/rnoblega/Repositories/Udemy/goUdemy/client-form3/src/useCases/gateway/create.go:25.2,27.34 2 0
/Users/rnoblega/Repositories/Udemy/goUdemy/client-form3/src/useCases/gateway/create.go:33.2,33.49 1 0
/Users/rnoblega/Repositories/Udemy/goUdemy/client-form3/src/useCases/gateway/create.go:20.16,23.3 2 0
/Users/rnoblega/Repositories/Udemy/goUdemy/client-form3/src/useCases/gateway/create.go:27.34,31.3 3 0
/Users/rnoblega/Repositories/Udemy/goUdemy/client-form3/application.go:13.63,17.2 1 1
/Users/rnoblega/Repositories/Udemy/goUdemy/client-form3/src/useCases/gateway/fetch.go:13.64,20.16 5 0
/Users/rnoblega/Repositories/Udemy/goUdemy/client-form3/src/useCases/gateway/fetch.go:25.2,27.34 2 0
/Users/rnoblega/Repositories/Udemy/goUdemy/client-form3/src/useCases/gateway/fetch.go:33.2,33.49 1 0
/Users/rnoblega/Repositories/Udemy/goUdemy/client-form3/src/useCases/gateway/fetch.go:20.16,23.3 2 0
/Users/rnoblega/Repositories/Udemy/goUdemy/client-form3/src/useCases/gateway/fetch.go:27.34,31.3 3 0
/Users/rnoblega/Repositories/Udemy/goUdemy/client-form3/src/useCases/pathBuilder/path_builder.go:8.40,10.2 1 0
/Users/rnoblega/Repositories/Udemy/goUdemy/client-form3/src/useCases/pathBuilder/path_builder.go:12.32,14.2 1 0
/Users/rnoblega/Repositories/Udemy/goUdemy/client-form3/src/useCases/pathBuilder/path_builder.go:16.56,18.2 1 0
/Users/rnoblega/Repositories/Udemy/goUdemy/client-form3/src/useCases/responseInterpreter/response_interpreter.go:9.62,15.16 4 1
/Users/rnoblega/Repositories/Udemy/goUdemy/client-form3/src/useCases/responseInterpreter/response_interpreter.go:20.2,20.31 1 1
/Users/rnoblega/Repositories/Udemy/goUdemy/client-form3/src/useCases/responseInterpreter/response_interpreter.go:15.16,18.3 2 1
/Users/rnoblega/Repositories/Udemy/goUdemy/client-form3/src/adapters/gateway/gateway_interface.go:16.71,21.2 1 0
/Users/rnoblega/Repositories/Udemy/goUdemy/client-form3/src/adapters/service/service.go:9.71,11.2 1 0
/Users/rnoblega/Repositories/Udemy/goUdemy/client-form3/src/frameworks/client.go:24.36,26.2 1 0
/Users/rnoblega/Repositories/Udemy/goUdemy/client-form3/src/frameworks/client.go:28.46,30.2 1 0
/Users/rnoblega/Repositories/Udemy/goUdemy/client-form3/src/frameworks/client.go:32.57,35.2 2 0
/Users/rnoblega/Repositories/Udemy/goUdemy/client-form3/src/frameworks/client.go:37.47,41.2 1 0
/Users/rnoblega/Repositories/Udemy/goUdemy/client-form3/application.go:13.63,17.2 1 0
/Users/rnoblega/Repositories/Udemy/goUdemy/client-form3/src/configuration/instrumentation.go:5.28,7.2 1 0
/Users/rnoblega/Repositories/Udemy/goUdemy/client-form3/src/useCases/gateway/create.go:13.82,20.16 5 0
/Users/rnoblega/Repositories/Udemy/goUdemy/client-form3/src/useCases/gateway/create.go:25.2,27.34 2 0
/Users/rnoblega/Repositories/Udemy/goUdemy/client-form3/src/useCases/gateway/create.go:33.2,33.49 1 0
/Users/rnoblega/Repositories/Udemy/goUdemy/client-form3/src/useCases/gateway/create.go:20.16,23.3 2 0
/Users/rnoblega/Repositories/Udemy/goUdemy/client-form3/src/useCases/gateway/create.go:27.34,31.3 3 0
/Users/rnoblega/Repositories/Udemy/goUdemy/client-form3/src/useCases/gateway/delete.go:13.66,20.16 5 0
/Users/rnoblega/Repositories/Udemy/goUdemy/client-form3/src/useCases/gateway/delete.go:25.2,25.34 1 0
/Users/rnoblega/Repositories/Udemy/goUdemy/client-form3/src/useCases/gateway/delete.go:31.2,31.18 1 0
/Users/rnoblega/Repositories/Udemy/goUdemy/client-form3/src/useCases/gateway/delete.go:20.16,23.3 2 0
/Users/rnoblega/Repositories/Udemy/goUdemy/client-form3/src/useCases/gateway/delete.go:25.34,29.3 3 0
/Users/rnoblega/Repositories/Udemy/goUdemy/client-form3/src/useCases/requestBuilder/request_builder.go:13.111,23.2 7 0
/Users/rnoblega/Repositories/Udemy/goUdemy/client-form3/src/useCases/requestBuilder/request_builder.go:25.75,32.2 5 0
