mode: set
rnoblega/client-form3/src/domain/handler_error/error_handler.go:7.24,9.2 1 0
rnoblega/client-form3/src/domain/create.go:13.85,20.16 5 0
rnoblega/client-form3/src/domain/create.go:25.2,27.34 2 0
rnoblega/client-form3/src/domain/create.go:33.2,33.49 1 0
rnoblega/client-form3/src/domain/create.go:20.16,23.3 2 0
rnoblega/client-form3/src/domain/create.go:27.34,31.3 3 0
rnoblega/client-form3/src/domain/delete.go:13.67,20.16 5 0
rnoblega/client-form3/src/domain/delete.go:25.2,25.34 1 0
rnoblega/client-form3/src/domain/delete.go:31.2,31.18 1 0
rnoblega/client-form3/src/domain/delete.go:20.16,23.3 2 0
rnoblega/client-form3/src/domain/delete.go:25.34,29.3 3 0
rnoblega/client-form3/src/domain/fetch.go:13.66,20.16 5 0
rnoblega/client-form3/src/domain/fetch.go:25.2,27.34 2 0
rnoblega/client-form3/src/domain/fetch.go:33.2,33.49 1 0
rnoblega/client-form3/src/domain/fetch.go:20.16,23.3 2 0
rnoblega/client-form3/src/domain/fetch.go:27.34,31.3 3 0
rnoblega/client-form3/src/application.go:12.63,16.2 1 0
rnoblega/client-form3/src/domain/client/client.go:28.36,30.2 1 0
rnoblega/client-form3/src/domain/client/client.go:32.46,34.2 1 0
rnoblega/client-form3/src/domain/client/client.go:36.57,39.2 2 0
rnoblega/client-form3/src/domain/client/client.go:41.47,45.2 1 0
rnoblega/client-form3/src/domain/response_interpreter/response_interpreter.go:9.63,15.16 4 1
rnoblega/client-form3/src/domain/response_interpreter/response_interpreter.go:20.2,20.31 1 0
rnoblega/client-form3/src/domain/response_interpreter/response_interpreter.go:15.16,18.3 2 1
rnoblega/client-form3/src/domain/path_builder/path_builder.go:8.40,10.2 1 0
rnoblega/client-form3/src/domain/path_builder/path_builder.go:12.32,14.2 1 0
rnoblega/client-form3/src/domain/path_builder/path_builder.go:16.56,18.2 1 0
rnoblega/client-form3/src/domain/request_builder/request_builder.go:13.112,23.2 7 0
rnoblega/client-form3/src/domain/request_builder/request_builder.go:25.75,32.2 5 0
rnoblega/client-form3/src/domain/gateway.go:20.62,25.2 1 0
rnoblega/client-form3/src/configuration/instrumentation.go:5.29,7.2 1 1
rnoblega/client-form3/src/domain/client/client.go:28.36,30.2 1 0
rnoblega/client-form3/src/domain/client/client.go:32.46,34.2 1 0
rnoblega/client-form3/src/domain/client/client.go:36.57,39.2 2 0
rnoblega/client-form3/src/domain/client/client.go:41.47,45.2 1 0
rnoblega/client-form3/src/configuration/instrumentation.go:5.29,7.2 1 1
rnoblega/client-form3/src/domain/path_builder/path_builder.go:8.40,10.2 1 1
rnoblega/client-form3/src/domain/path_builder/path_builder.go:12.32,14.2 1 1
rnoblega/client-form3/src/domain/path_builder/path_builder.go:16.56,18.2 1 1
rnoblega/client-form3/src/domain/response_interpreter/response_interpreter.go:9.63,15.16 4 0
rnoblega/client-form3/src/domain/response_interpreter/response_interpreter.go:20.2,20.31 1 0
rnoblega/client-form3/src/domain/response_interpreter/response_interpreter.go:15.16,18.3 2 0
rnoblega/client-form3/src/domain/delete.go:13.67,20.16 5 1
rnoblega/client-form3/src/domain/delete.go:25.2,25.34 1 0
rnoblega/client-form3/src/domain/delete.go:31.2,31.18 1 0
rnoblega/client-form3/src/domain/delete.go:20.16,23.3 2 1
rnoblega/client-form3/src/domain/delete.go:25.34,29.3 3 0
rnoblega/client-form3/src/domain/gateway.go:20.62,25.2 1 0
rnoblega/client-form3/src/domain/handler_error/error_handler.go:7.24,9.2 1 1
rnoblega/client-form3/src/domain/request_builder/request_builder.go:13.112,23.2 7 1
rnoblega/client-form3/src/domain/request_builder/request_builder.go:25.75,32.2 5 1
rnoblega/client-form3/src/application.go:12.63,16.2 1 0
rnoblega/client-form3/src/domain/create.go:13.85,20.16 5 1
rnoblega/client-form3/src/domain/create.go:25.2,27.34 2 0
rnoblega/client-form3/src/domain/create.go:33.2,33.49 1 0
rnoblega/client-form3/src/domain/create.go:20.16,23.3 2 1
rnoblega/client-form3/src/domain/create.go:27.34,31.3 3 0
rnoblega/client-form3/src/domain/fetch.go:13.66,20.16 5 1
rnoblega/client-form3/src/domain/fetch.go:25.2,27.34 2 0
rnoblega/client-form3/src/domain/fetch.go:33.2,33.49 1 0
rnoblega/client-form3/src/domain/fetch.go:20.16,23.3 2 1
rnoblega/client-form3/src/domain/fetch.go:27.34,31.3 3 0
rnoblega/client-form3/src/domain/client/client.go:28.36,30.2 1 1
rnoblega/client-form3/src/domain/client/client.go:32.46,34.2 1 1
rnoblega/client-form3/src/domain/client/client.go:36.57,39.2 2 1
rnoblega/client-form3/src/domain/client/client.go:41.47,45.2 1 1
rnoblega/client-form3/src/configuration/instrumentation.go:5.29,7.2 1 1
rnoblega/client-form3/src/domain/request_builder/request_builder.go:13.112,23.2 7 1
rnoblega/client-form3/src/domain/request_builder/request_builder.go:25.75,32.2 5 1
rnoblega/client-form3/src/domain/delete.go:13.67,20.16 5 1
rnoblega/client-form3/src/domain/delete.go:25.2,25.34 1 1
rnoblega/client-form3/src/domain/delete.go:31.2,31.18 1 1
rnoblega/client-form3/src/domain/delete.go:20.16,23.3 2 0
rnoblega/client-form3/src/domain/delete.go:25.34,29.3 3 1
rnoblega/client-form3/src/domain/gateway.go:20.62,25.2 1 1
rnoblega/client-form3/src/domain/handler_error/error_handler.go:7.24,9.2 1 1
rnoblega/client-form3/src/domain/path_builder/path_builder.go:8.40,10.2 1 1
rnoblega/client-form3/src/domain/path_builder/path_builder.go:12.32,14.2 1 1
rnoblega/client-form3/src/domain/path_builder/path_builder.go:16.56,18.2 1 1
rnoblega/client-form3/src/domain/response_interpreter/response_interpreter.go:9.63,15.16 4 1
rnoblega/client-form3/src/domain/response_interpreter/response_interpreter.go:20.2,20.31 1 1
rnoblega/client-form3/src/domain/response_interpreter/response_interpreter.go:15.16,18.3 2 0
rnoblega/client-form3/src/domain/create.go:13.85,20.16 5 1
rnoblega/client-form3/src/domain/create.go:25.2,27.34 2 1
rnoblega/client-form3/src/domain/create.go:33.2,33.49 1 1
rnoblega/client-form3/src/domain/create.go:20.16,23.3 2 0
rnoblega/client-form3/src/domain/create.go:27.34,31.3 3 1
rnoblega/client-form3/src/domain/fetch.go:13.66,20.16 5 1
rnoblega/client-form3/src/domain/fetch.go:25.2,27.34 2 1
rnoblega/client-form3/src/domain/fetch.go:33.2,33.49 1 1
rnoblega/client-form3/src/domain/fetch.go:20.16,23.3 2 0
rnoblega/client-form3/src/domain/fetch.go:27.34,31.3 3 1
rnoblega/client-form3/src/application.go:12.63,16.2 1 1
